<?xml version="1.0" encoding="UTF-8"?>
<testsuite name="com.papchenko.blog.BlogApplicationTests" tests="1" skipped="0" failures="0" errors="0" timestamp="2021-10-05T10:11:54" hostname="WIN-41NEUO4D10N" time="0.511">
  <properties/>
  <testcase name="contextLoads()" classname="com.papchenko.blog.BlogApplicationTests" time="0.511"/>
  <system-out><![CDATA[12:11:25.031 [Test worker] DEBUG org.springframework.test.context.BootstrapUtils - Instantiating CacheAwareContextLoaderDelegate from class [org.springframework.test.context.cache.DefaultCacheAwareContextLoaderDelegate]
12:11:25.070 [Test worker] DEBUG org.springframework.test.context.BootstrapUtils - Instantiating BootstrapContext using constructor [public org.springframework.test.context.support.DefaultBootstrapContext(java.lang.Class,org.springframework.test.context.CacheAwareContextLoaderDelegate)]
12:11:25.143 [Test worker] DEBUG org.springframework.test.context.BootstrapUtils - Instantiating TestContextBootstrapper for test class [com.papchenko.blog.BlogApplicationTests] from class [org.springframework.boot.test.context.SpringBootTestContextBootstrapper]
12:11:25.219 [Test worker] INFO org.springframework.boot.test.context.SpringBootTestContextBootstrapper - Neither @ContextConfiguration nor @ContextHierarchy found for test class [com.papchenko.blog.BlogApplicationTests], using SpringBootContextLoader
12:11:25.228 [Test worker] DEBUG org.springframework.test.context.support.AbstractContextLoader - Did not detect default resource location for test class [com.papchenko.blog.BlogApplicationTests]: class path resource [com/papchenko/blog/BlogApplicationTests-context.xml] does not exist
12:11:25.229 [Test worker] DEBUG org.springframework.test.context.support.AbstractContextLoader - Did not detect default resource location for test class [com.papchenko.blog.BlogApplicationTests]: class path resource [com/papchenko/blog/BlogApplicationTestsContext.groovy] does not exist
12:11:25.229 [Test worker] INFO org.springframework.test.context.support.AbstractContextLoader - Could not detect default resource locations for test class [com.papchenko.blog.BlogApplicationTests]: no resource found for suffixes {-context.xml, Context.groovy}.
12:11:25.231 [Test worker] INFO org.springframework.test.context.support.AnnotationConfigContextLoaderUtils - Could not detect default configuration classes for test class [com.papchenko.blog.BlogApplicationTests]: BlogApplicationTests does not declare any static, non-private, non-final, nested classes annotated with @Configuration.
12:11:25.397 [Test worker] DEBUG org.springframework.test.context.support.ActiveProfilesUtils - Could not find an 'annotation declaring class' for annotation type [org.springframework.test.context.ActiveProfiles] and class [com.papchenko.blog.BlogApplicationTests]
12:11:25.640 [Test worker] DEBUG org.springframework.context.annotation.ClassPathScanningCandidateComponentProvider - Identified candidate component class: file [C:\Users\Niko\IdeaProj\personalblog\build\classes\java\main\com\papchenko\blog\BlogApplication.class]
12:11:25.643 [Test worker] INFO org.springframework.boot.test.context.SpringBootTestContextBootstrapper - Found @SpringBootConfiguration com.papchenko.blog.BlogApplication for test class com.papchenko.blog.BlogApplicationTests
12:11:25.930 [Test worker] DEBUG org.springframework.boot.test.context.SpringBootTestContextBootstrapper - @TestExecutionListeners is not present for class [com.papchenko.blog.BlogApplicationTests]: using defaults.
12:11:25.941 [Test worker] INFO org.springframework.boot.test.context.SpringBootTestContextBootstrapper - Loaded default TestExecutionListener class names from location [META-INF/spring.factories]: [org.springframework.boot.test.autoconfigure.restdocs.RestDocsTestExecutionListener, org.springframework.boot.test.autoconfigure.web.client.MockRestServiceServerResetTestExecutionListener, org.springframework.boot.test.autoconfigure.web.servlet.MockMvcPrintOnlyOnFailureTestExecutionListener, org.springframework.boot.test.autoconfigure.web.servlet.WebDriverTestExecutionListener, org.springframework.boot.test.mock.mockito.MockitoTestExecutionListener, org.springframework.boot.test.mock.mockito.ResetMocksTestExecutionListener, org.springframework.test.context.web.ServletTestExecutionListener, org.springframework.test.context.support.DirtiesContextBeforeModesTestExecutionListener, org.springframework.test.context.support.DependencyInjectionTestExecutionListener, org.springframework.test.context.support.DirtiesContextTestExecutionListener, org.springframework.test.context.transaction.TransactionalTestExecutionListener, org.springframework.test.context.jdbc.SqlScriptsTestExecutionListener, org.springframework.test.context.event.EventPublishingTestExecutionListener]
12:11:26.004 [Test worker] INFO org.springframework.boot.test.context.SpringBootTestContextBootstrapper - Using TestExecutionListeners: [org.springframework.test.context.web.ServletTestExecutionListener@2a067769, org.springframework.test.context.support.DirtiesContextBeforeModesTestExecutionListener@121a6df5, org.springframework.boot.test.mock.mockito.MockitoTestExecutionListener@5b3322fb, org.springframework.boot.test.autoconfigure.SpringBootDependencyInjectionTestExecutionListener@4f093d91, org.springframework.test.context.support.DirtiesContextTestExecutionListener@56ada626, org.springframework.test.context.transaction.TransactionalTestExecutionListener@17990cc3, org.springframework.test.context.jdbc.SqlScriptsTestExecutionListener@55ffc031, org.springframework.test.context.event.EventPublishingTestExecutionListener@539c8aaa, org.springframework.boot.test.autoconfigure.restdocs.RestDocsTestExecutionListener@68bb8a69, org.springframework.boot.test.autoconfigure.web.client.MockRestServiceServerResetTestExecutionListener@371b7ca9, org.springframework.boot.test.autoconfigure.web.servlet.MockMvcPrintOnlyOnFailureTestExecutionListener@1ccedc33, org.springframework.boot.test.autoconfigure.web.servlet.WebDriverTestExecutionListener@2bb0dcda, org.springframework.boot.test.mock.mockito.ResetMocksTestExecutionListener@1f6cf307]
12:11:26.042 [Test worker] DEBUG org.springframework.test.context.support.AbstractDirtiesContextTestExecutionListener - Before test class: context [DefaultTestContext@3dad7bf5 testClass = BlogApplicationTests, testInstance = [null], testMethod = [null], testException = [null], mergedContextConfiguration = [WebMergedContextConfiguration@32f3e5df testClass = BlogApplicationTests, locations = '{}', classes = '{class com.papchenko.blog.BlogApplication}', contextInitializerClasses = '[]', activeProfiles = '{}', propertySourceLocations = '{}', propertySourceProperties = '{org.springframework.boot.test.context.SpringBootTestContextBootstrapper=true}', contextCustomizers = set[org.springframework.boot.test.autoconfigure.properties.PropertyMappingContextCustomizer@0, org.springframework.boot.test.autoconfigure.web.servlet.WebDriverContextCustomizerFactory$Customizer@253e7764, org.springframework.boot.test.context.filter.ExcludeFilterContextCustomizer@62d34cff, org.springframework.boot.test.json.DuplicateJsonObjectContextCustomizerFactory$DuplicateJsonObjectContextCustomizer@ca35ca7, org.springframework.boot.test.mock.mockito.MockitoContextCustomizer@0, org.springframework.boot.test.web.client.TestRestTemplateContextCustomizer@340ce8ee], resourceBasePath = 'src/main/webapp', contextLoader = 'org.springframework.boot.test.context.SpringBootContextLoader', parent = [null]], attributes = map['org.springframework.test.context.web.ServletTestExecutionListener.activateListener' -> true]], class annotated with @DirtiesContext [false] with mode [null].
12:11:26.111 [Test worker] DEBUG org.springframework.test.context.support.TestPropertySourceUtils - Adding inlined properties to environment: {spring.jmx.enabled=false, org.springframework.boot.test.context.SpringBootTestContextBootstrapper=true, server.port=-1}

  .   ____          _            __ _ _
 /\\ / ___'_ __ _ _(_)_ __  __ _ \ \ \ \
( ( )\___ | '_ | '_| | '_ \/ _` | \ \ \ \
 \\/  ___)| |_)| | | | | || (_| |  ) ) ) )
  '  |____| .__|_| |_|_| |_\__, | / / / /
 =========|_|==============|___/=/_/_/_/
 :: Spring Boot ::        (v2.2.6.RELEASE)

2021-10-05 12:11:27.173  INFO 7972 --- [    Test worker] com.papchenko.blog.BlogApplicationTests  : Starting BlogApplicationTests on WIN-41NEUO4D10N with PID 7972 (started by Niko in C:\Users\Niko\IdeaProj\personalblog)
2021-10-05 12:11:27.175  INFO 7972 --- [    Test worker] com.papchenko.blog.BlogApplicationTests  : The following profiles are active: production
2021-10-05 12:11:29.694  INFO 7972 --- [    Test worker] .s.d.r.c.RepositoryConfigurationDelegate : Bootstrapping Spring Data JPA repositories in DEFAULT mode.
2021-10-05 12:11:29.866  INFO 7972 --- [    Test worker] .s.d.r.c.RepositoryConfigurationDelegate : Finished Spring Data repository scanning in 156ms. Found 2 JPA repository interfaces.
2021-10-05 12:11:33.063  INFO 7972 --- [    Test worker] com.zaxxer.hikari.HikariDataSource       : HikariPool-1 - Starting...
2021-10-05 12:11:36.550  INFO 7972 --- [    Test worker] com.zaxxer.hikari.HikariDataSource       : HikariPool-1 - Start completed.
2021-10-05 12:11:36.832  INFO 7972 --- [    Test worker] o.hibernate.jpa.internal.util.LogHelper  : HHH000204: Processing PersistenceUnitInfo [name: default]
2021-10-05 12:11:37.180  INFO 7972 --- [    Test worker] org.hibernate.Version                    : HHH000412: Hibernate ORM core version 5.4.12.Final
2021-10-05 12:11:37.754  INFO 7972 --- [    Test worker] o.hibernate.annotations.common.Version   : HCANN000001: Hibernate Commons Annotations {5.1.0.Final}
2021-10-05 12:11:38.275  INFO 7972 --- [    Test worker] org.hibernate.dialect.Dialect            : HHH000400: Using dialect: org.hibernate.dialect.PostgreSQL10Dialect
2021-10-05 12:11:41.715  INFO 7972 --- [    Test worker] o.h.e.t.j.p.i.JtaPlatformInitiator       : HHH000490: Using JtaPlatform implementation: [org.hibernate.engine.transaction.jta.platform.internal.NoJtaPlatform]
2021-10-05 12:11:41.727  INFO 7972 --- [    Test worker] j.LocalContainerEntityManagerFactoryBean : Initialized JPA EntityManagerFactory for persistence unit 'default'
2021-10-05 12:11:42.225  WARN 7972 --- [    Test worker] JpaBaseConfiguration$JpaWebConfiguration : spring.jpa.open-in-view is enabled by default. Therefore, database queries may be performed during view rendering. Explicitly configure spring.jpa.open-in-view to disable this warning
2021-10-05 12:11:45.159  INFO 7972 --- [    Test worker] o.s.s.concurrent.ThreadPoolTaskExecutor  : Initializing ExecutorService 'clientInboundChannelExecutor'
2021-10-05 12:11:45.353  INFO 7972 --- [    Test worker] o.s.s.concurrent.ThreadPoolTaskExecutor  : Initializing ExecutorService 'clientOutboundChannelExecutor'
2021-10-05 12:11:45.935  INFO 7972 --- [    Test worker] .s.s.UserDetailsServiceAutoConfiguration : 

Using generated security password: df9e95da-3636-4e29-b04e-54795730cddc

2021-10-05 12:11:47.598  INFO 7972 --- [    Test worker] o.s.s.web.DefaultSecurityFilterChain     : Creating filter chain: Ant [pattern='/**'], [org.springframework.security.web.context.request.async.WebAsyncManagerIntegrationFilter@2264bd4d, org.springframework.security.web.context.SecurityContextPersistenceFilter@5c858783, org.springframework.security.web.header.HeaderWriterFilter@52c681a5, org.springframework.security.web.authentication.logout.LogoutFilter@5a723ab9, org.springframework.security.oauth2.client.filter.OAuth2ClientAuthenticationProcessingFilter@34415efd, org.springframework.security.web.savedrequest.RequestCacheAwareFilter@3509d1e7, org.springframework.security.web.servletapi.SecurityContextHolderAwareRequestFilter@3eba0e72, org.springframework.security.web.authentication.AnonymousAuthenticationFilter@2dbb87cd, org.springframework.security.web.session.SessionManagementFilter@2927dfa4, org.springframework.security.web.access.ExceptionTranslationFilter@7e88af31, org.springframework.security.web.access.intercept.FilterSecurityInterceptor@431ba35a]
2021-10-05 12:11:47.987  INFO 7972 --- [    Test worker] o.s.s.c.ThreadPoolTaskScheduler          : Initializing ExecutorService 'messageBrokerTaskScheduler'
2021-10-05 12:11:48.660  INFO 7972 --- [    Test worker] o.s.s.concurrent.ThreadPoolTaskExecutor  : Initializing ExecutorService 'brokerChannelExecutor'
2021-10-05 12:11:51.905  INFO 7972 --- [    Test worker] o.s.b.a.w.s.WelcomePageHandlerMapping    : Adding welcome page template: index
2021-10-05 12:11:54.425  INFO 7972 --- [    Test worker] o.s.m.s.b.SimpleBrokerMessageHandler     : Starting...
2021-10-05 12:11:54.426  INFO 7972 --- [    Test worker] o.s.m.s.b.SimpleBrokerMessageHandler     : BrokerAvailabilityEvent[available=true, SimpleBrokerMessageHandler [DefaultSubscriptionRegistry[cache[0 destination(s)], registry[0 sessions]]]]
2021-10-05 12:11:54.434  INFO 7972 --- [    Test worker] o.s.m.s.b.SimpleBrokerMessageHandler     : Started.
2021-10-05 12:11:54.513  INFO 7972 --- [    Test worker] com.papchenko.blog.BlogApplicationTests  : Started BlogApplicationTests in 28.375 seconds (JVM running for 34.509)
]]></system-out>
  <system-err><![CDATA[]]></system-err>
</testsuite>
