<?xml version="1.0" encoding="UTF-8"?>
<testsuite name="com.papchenko.blog.BlogApplicationTests" tests="1" skipped="0" failures="0" errors="0" timestamp="2021-09-22T09:29:22" hostname="WIN-41NEUO4D10N" time="0.194">
  <properties/>
  <testcase name="contextLoads()" classname="com.papchenko.blog.BlogApplicationTests" time="0.194"/>
  <system-out><![CDATA[11:29:05.290 [Test worker] DEBUG org.springframework.test.context.BootstrapUtils - Instantiating CacheAwareContextLoaderDelegate from class [org.springframework.test.context.cache.DefaultCacheAwareContextLoaderDelegate]
11:29:05.399 [Test worker] DEBUG org.springframework.test.context.BootstrapUtils - Instantiating BootstrapContext using constructor [public org.springframework.test.context.support.DefaultBootstrapContext(java.lang.Class,org.springframework.test.context.CacheAwareContextLoaderDelegate)]
11:29:05.446 [Test worker] DEBUG org.springframework.test.context.BootstrapUtils - Instantiating TestContextBootstrapper for test class [com.papchenko.blog.BlogApplicationTests] from class [org.springframework.boot.test.context.SpringBootTestContextBootstrapper]
11:29:05.618 [Test worker] INFO org.springframework.boot.test.context.SpringBootTestContextBootstrapper - Neither @ContextConfiguration nor @ContextHierarchy found for test class [com.papchenko.blog.BlogApplicationTests], using SpringBootContextLoader
11:29:05.618 [Test worker] DEBUG org.springframework.test.context.support.AbstractContextLoader - Did not detect default resource location for test class [com.papchenko.blog.BlogApplicationTests]: class path resource [com/papchenko/blog/BlogApplicationTests-context.xml] does not exist
11:29:05.634 [Test worker] DEBUG org.springframework.test.context.support.AbstractContextLoader - Did not detect default resource location for test class [com.papchenko.blog.BlogApplicationTests]: class path resource [com/papchenko/blog/BlogApplicationTestsContext.groovy] does not exist
11:29:05.634 [Test worker] INFO org.springframework.test.context.support.AbstractContextLoader - Could not detect default resource locations for test class [com.papchenko.blog.BlogApplicationTests]: no resource found for suffixes {-context.xml, Context.groovy}.
11:29:05.634 [Test worker] INFO org.springframework.test.context.support.AnnotationConfigContextLoaderUtils - Could not detect default configuration classes for test class [com.papchenko.blog.BlogApplicationTests]: BlogApplicationTests does not declare any static, non-private, non-final, nested classes annotated with @Configuration.
11:29:05.821 [Test worker] DEBUG org.springframework.test.context.support.ActiveProfilesUtils - Could not find an 'annotation declaring class' for annotation type [org.springframework.test.context.ActiveProfiles] and class [com.papchenko.blog.BlogApplicationTests]
11:29:06.071 [Test worker] DEBUG org.springframework.context.annotation.ClassPathScanningCandidateComponentProvider - Identified candidate component class: file [C:\Users\Niko\IdeaProj\blog\build\classes\java\main\com\papchenko\blog\BlogApplication.class]
11:29:06.071 [Test worker] INFO org.springframework.boot.test.context.SpringBootTestContextBootstrapper - Found @SpringBootConfiguration com.papchenko.blog.BlogApplication for test class com.papchenko.blog.BlogApplicationTests
11:29:06.337 [Test worker] DEBUG org.springframework.boot.test.context.SpringBootTestContextBootstrapper - @TestExecutionListeners is not present for class [com.papchenko.blog.BlogApplicationTests]: using defaults.
11:29:06.337 [Test worker] INFO org.springframework.boot.test.context.SpringBootTestContextBootstrapper - Loaded default TestExecutionListener class names from location [META-INF/spring.factories]: [org.springframework.boot.test.autoconfigure.restdocs.RestDocsTestExecutionListener, org.springframework.boot.test.autoconfigure.web.client.MockRestServiceServerResetTestExecutionListener, org.springframework.boot.test.autoconfigure.web.servlet.MockMvcPrintOnlyOnFailureTestExecutionListener, org.springframework.boot.test.autoconfigure.web.servlet.WebDriverTestExecutionListener, org.springframework.boot.test.mock.mockito.MockitoTestExecutionListener, org.springframework.boot.test.mock.mockito.ResetMocksTestExecutionListener, org.springframework.test.context.web.ServletTestExecutionListener, org.springframework.test.context.support.DirtiesContextBeforeModesTestExecutionListener, org.springframework.test.context.support.DependencyInjectionTestExecutionListener, org.springframework.test.context.support.DirtiesContextTestExecutionListener, org.springframework.test.context.transaction.TransactionalTestExecutionListener, org.springframework.test.context.jdbc.SqlScriptsTestExecutionListener, org.springframework.test.context.event.EventPublishingTestExecutionListener]
11:29:06.508 [Test worker] INFO org.springframework.boot.test.context.SpringBootTestContextBootstrapper - Using TestExecutionListeners: [org.springframework.test.context.web.ServletTestExecutionListener@2a067769, org.springframework.test.context.support.DirtiesContextBeforeModesTestExecutionListener@121a6df5, org.springframework.boot.test.mock.mockito.MockitoTestExecutionListener@5b3322fb, org.springframework.boot.test.autoconfigure.SpringBootDependencyInjectionTestExecutionListener@4f093d91, org.springframework.test.context.support.DirtiesContextTestExecutionListener@56ada626, org.springframework.test.context.transaction.TransactionalTestExecutionListener@17990cc3, org.springframework.test.context.jdbc.SqlScriptsTestExecutionListener@55ffc031, org.springframework.test.context.event.EventPublishingTestExecutionListener@539c8aaa, org.springframework.boot.test.autoconfigure.restdocs.RestDocsTestExecutionListener@68bb8a69, org.springframework.boot.test.autoconfigure.web.client.MockRestServiceServerResetTestExecutionListener@371b7ca9, org.springframework.boot.test.autoconfigure.web.servlet.MockMvcPrintOnlyOnFailureTestExecutionListener@1ccedc33, org.springframework.boot.test.autoconfigure.web.servlet.WebDriverTestExecutionListener@2bb0dcda, org.springframework.boot.test.mock.mockito.ResetMocksTestExecutionListener@1f6cf307]
11:29:06.540 [Test worker] DEBUG org.springframework.test.context.support.AbstractDirtiesContextTestExecutionListener - Before test class: context [DefaultTestContext@3dad7bf5 testClass = BlogApplicationTests, testInstance = [null], testMethod = [null], testException = [null], mergedContextConfiguration = [WebMergedContextConfiguration@32f3e5df testClass = BlogApplicationTests, locations = '{}', classes = '{class com.papchenko.blog.BlogApplication}', contextInitializerClasses = '[]', activeProfiles = '{}', propertySourceLocations = '{}', propertySourceProperties = '{org.springframework.boot.test.context.SpringBootTestContextBootstrapper=true}', contextCustomizers = set[org.springframework.boot.test.autoconfigure.properties.PropertyMappingContextCustomizer@0, org.springframework.boot.test.autoconfigure.web.servlet.WebDriverContextCustomizerFactory$Customizer@253e7764, org.springframework.boot.test.context.filter.ExcludeFilterContextCustomizer@62d34cff, org.springframework.boot.test.json.DuplicateJsonObjectContextCustomizerFactory$DuplicateJsonObjectContextCustomizer@ca35ca7, org.springframework.boot.test.mock.mockito.MockitoContextCustomizer@0, org.springframework.boot.test.web.client.TestRestTemplateContextCustomizer@340ce8ee], resourceBasePath = 'src/main/webapp', contextLoader = 'org.springframework.boot.test.context.SpringBootContextLoader', parent = [null]], attributes = map['org.springframework.test.context.web.ServletTestExecutionListener.activateListener' -> true]], class annotated with @DirtiesContext [false] with mode [null].
11:29:06.618 [Test worker] DEBUG org.springframework.test.context.support.TestPropertySourceUtils - Adding inlined properties to environment: {spring.jmx.enabled=false, org.springframework.boot.test.context.SpringBootTestContextBootstrapper=true, server.port=-1}

  .   ____          _            __ _ _
 /\\ / ___'_ __ _ _(_)_ __  __ _ \ \ \ \
( ( )\___ | '_ | '_| | '_ \/ _` | \ \ \ \
 \\/  ___)| |_)| | | | | || (_| |  ) ) ) )
  '  |____| .__|_| |_|_| |_\__, | / / / /
 =========|_|==============|___/=/_/_/_/
 :: Spring Boot ::        (v2.2.6.RELEASE)

2021-09-22 11:29:07.821  INFO 4644 --- [    Test worker] com.papchenko.blog.BlogApplicationTests  : Starting BlogApplicationTests on WIN-41NEUO4D10N with PID 4644 (started by Niko in C:\Users\Niko\IdeaProj\blog)
2021-09-22 11:29:07.837  INFO 4644 --- [    Test worker] com.papchenko.blog.BlogApplicationTests  : The following profiles are active: production
2021-09-22 11:29:10.430  INFO 4644 --- [    Test worker] .s.d.r.c.RepositoryConfigurationDelegate : Bootstrapping Spring Data JPA repositories in DEFAULT mode.
2021-09-22 11:29:10.586  INFO 4644 --- [    Test worker] .s.d.r.c.RepositoryConfigurationDelegate : Finished Spring Data repository scanning in 151ms. Found 2 JPA repository interfaces.
2021-09-22 11:29:12.102  INFO 4644 --- [    Test worker] com.zaxxer.hikari.HikariDataSource       : HikariPool-1 - Starting...
2021-09-22 11:29:13.555  INFO 4644 --- [    Test worker] com.zaxxer.hikari.HikariDataSource       : HikariPool-1 - Start completed.
2021-09-22 11:29:13.680  INFO 4644 --- [    Test worker] o.hibernate.jpa.internal.util.LogHelper  : HHH000204: Processing PersistenceUnitInfo [name: default]
2021-09-22 11:29:13.883  INFO 4644 --- [    Test worker] org.hibernate.Version                    : HHH000412: Hibernate ORM core version 5.4.12.Final
2021-09-22 11:29:14.336  INFO 4644 --- [    Test worker] o.hibernate.annotations.common.Version   : HCANN000001: Hibernate Commons Annotations {5.1.0.Final}
2021-09-22 11:29:14.664  INFO 4644 --- [    Test worker] org.hibernate.dialect.Dialect            : HHH000400: Using dialect: org.hibernate.dialect.PostgreSQL10Dialect
2021-09-22 11:29:17.711  INFO 4644 --- [    Test worker] o.h.e.t.j.p.i.JtaPlatformInitiator       : HHH000490: Using JtaPlatform implementation: [org.hibernate.engine.transaction.jta.platform.internal.NoJtaPlatform]
2021-09-22 11:29:17.742  INFO 4644 --- [    Test worker] j.LocalContainerEntityManagerFactoryBean : Initialized JPA EntityManagerFactory for persistence unit 'default'
2021-09-22 11:29:17.883  WARN 4644 --- [    Test worker] JpaBaseConfiguration$JpaWebConfiguration : spring.jpa.open-in-view is enabled by default. Therefore, database queries may be performed during view rendering. Explicitly configure spring.jpa.open-in-view to disable this warning
2021-09-22 11:29:18.883  INFO 4644 --- [    Test worker] o.s.s.concurrent.ThreadPoolTaskExecutor  : Initializing ExecutorService 'clientInboundChannelExecutor'
2021-09-22 11:29:18.899  INFO 4644 --- [    Test worker] o.s.s.concurrent.ThreadPoolTaskExecutor  : Initializing ExecutorService 'clientOutboundChannelExecutor'
2021-09-22 11:29:19.149  INFO 4644 --- [    Test worker] .s.s.UserDetailsServiceAutoConfiguration : 

Using generated security password: 4ef31f37-514b-451d-be05-6b5ba67d8de1

2021-09-22 11:29:19.742  INFO 4644 --- [    Test worker] o.s.s.web.DefaultSecurityFilterChain     : Creating filter chain: Ant [pattern='/**'], [org.springframework.security.web.context.request.async.WebAsyncManagerIntegrationFilter@58329122, org.springframework.security.web.context.SecurityContextPersistenceFilter@6462fc5d, org.springframework.security.web.header.HeaderWriterFilter@543fef9f, org.springframework.security.web.authentication.logout.LogoutFilter@746b70, org.springframework.security.oauth2.client.filter.OAuth2ClientAuthenticationProcessingFilter@2264bd4d, org.springframework.security.web.savedrequest.RequestCacheAwareFilter@4b48a948, org.springframework.security.web.servletapi.SecurityContextHolderAwareRequestFilter@7a44e359, org.springframework.security.web.authentication.AnonymousAuthenticationFilter@34415efd, org.springframework.security.web.session.SessionManagementFilter@5b1c686a, org.springframework.security.web.access.ExceptionTranslationFilter@34955072, org.springframework.security.web.access.intercept.FilterSecurityInterceptor@6b5037e2]
2021-09-22 11:29:19.852  INFO 4644 --- [    Test worker] o.s.s.c.ThreadPoolTaskScheduler          : Initializing ExecutorService 'messageBrokerTaskScheduler'
2021-09-22 11:29:20.227  INFO 4644 --- [    Test worker] o.s.s.concurrent.ThreadPoolTaskExecutor  : Initializing ExecutorService 'brokerChannelExecutor'
2021-09-22 11:29:21.336  INFO 4644 --- [    Test worker] o.s.b.a.w.s.WelcomePageHandlerMapping    : Adding welcome page template: index
2021-09-22 11:29:22.008  INFO 4644 --- [    Test worker] o.s.m.s.b.SimpleBrokerMessageHandler     : Starting...
2021-09-22 11:29:22.008  INFO 4644 --- [    Test worker] o.s.m.s.b.SimpleBrokerMessageHandler     : BrokerAvailabilityEvent[available=true, SimpleBrokerMessageHandler [DefaultSubscriptionRegistry[cache[0 destination(s)], registry[0 sessions]]]]
2021-09-22 11:29:22.008  INFO 4644 --- [    Test worker] o.s.m.s.b.SimpleBrokerMessageHandler     : Started.
2021-09-22 11:29:22.024  INFO 4644 --- [    Test worker] com.papchenko.blog.BlogApplicationTests  : Started BlogApplicationTests in 15.358 seconds (JVM running for 21.257)
]]></system-out>
  <system-err><![CDATA[]]></system-err>
</testsuite>
